<?xml version="1.0" encoding="UTF-8"?>
<coverage generated="1525237707401" clover="3.2.0">
  <project timestamp="1525237707401" name="All files">
    <metrics statements="37" coveredstatements="37" conditionals="6" coveredconditionals="6" methods="7" coveredmethods="7" elements="50" coveredelements="50" complexity="0" loc="37" ncloc="37" packages="3" files="3" classes="3">
      <package name="src">
        <metrics statements="8" coveredstatements="8" conditionals="2" coveredconditionals="2" methods="1" coveredmethods="1"/>
        <file name="server.js" path="/Users/byrneje/gitrepos/REST-Search-API/src/server.js">
          <metrics statements="8" coveredstatements="8" conditionals="2" coveredconditionals="2" methods="1" coveredmethods="1"/>
          <line num="2" count="1" type="stmt"/>
          <line num="3" count="1" type="stmt"/>
          <line num="4" count="1" type="stmt"/>
          <line num="6" count="1" type="cond" truecount="2" falsecount="0"/>
          <line num="11" count="1" type="stmt"/>
          <line num="12" count="1" type="stmt"/>
          <line num="13" count="1" type="stmt"/>
          <line num="15" count="1" type="stmt"/>
        </file>
      </package>
      <package name="src.controllers">
        <metrics statements="25" coveredstatements="25" conditionals="4" coveredconditionals="4" methods="5" coveredmethods="5"/>
        <file name="ProductController.js" path="/Users/byrneje/gitrepos/REST-Search-API/src/controllers/ProductController.js">
          <metrics statements="25" coveredstatements="25" conditionals="4" coveredconditionals="4" methods="5" coveredmethods="5"/>
          <line num="5" count="1" type="stmt"/>
          <line num="7" count="1" type="stmt"/>
          <line num="8" count="1" type="stmt"/>
          <line num="9" count="1" type="stmt"/>
          <line num="10" count="1" type="stmt"/>
          <line num="31" count="1" type="stmt"/>
          <line num="32" count="20" type="stmt"/>
          <line num="36" count="1" type="stmt"/>
          <line num="37" count="20" type="stmt"/>
          <line num="38" count="20" type="stmt"/>
          <line num="39" count="18" type="stmt"/>
          <line num="44" count="1" type="stmt"/>
          <line num="45" count="3" type="stmt"/>
          <line num="46" count="3" type="stmt"/>
          <line num="48" count="3" type="stmt"/>
          <line num="51" count="20" type="stmt"/>
          <line num="52" count="20" type="stmt"/>
          <line num="54" count="2" type="stmt"/>
          <line num="58" count="20" type="stmt"/>
          <line num="59" count="18" type="stmt"/>
          <line num="60" count="18" type="stmt"/>
          <line num="61" count="18" type="stmt"/>
          <line num="64" count="18" type="cond" truecount="2" falsecount="0"/>
          <line num="65" count="1" type="stmt"/>
          <line num="68" count="1" type="stmt"/>
        </file>
      </package>
      <package name="src.routes">
        <metrics statements="4" coveredstatements="4" conditionals="0" coveredconditionals="0" methods="1" coveredmethods="1"/>
        <file name="router.js" path="/Users/byrneje/gitrepos/REST-Search-API/src/routes/router.js">
          <metrics statements="4" coveredstatements="4" conditionals="0" coveredconditionals="0" methods="1" coveredmethods="1"/>
          <line num="5" count="1" type="stmt"/>
          <line num="6" count="1" type="stmt"/>
          <line num="7" count="1" type="stmt"/>
          <line num="13" count="1" type="stmt"/>
        </file>
      </package>
    </metrics>
  </project>
</coverage>
