<?xml version="1.0" encoding="UTF-8"?>
<coverage generated="1525473461322" clover="3.2.0">
  <project timestamp="1525473461323" name="All files">
    <metrics statements="37" coveredstatements="36" conditionals="4" coveredconditionals="4" methods="7" coveredmethods="6" elements="48" coveredelements="46" complexity="0" loc="37" ncloc="37" packages="2" files="3" classes="3">
      <package name="src">
        <metrics statements="12" coveredstatements="11" conditionals="0" coveredconditionals="0" methods="2" coveredmethods="1"/>
        <file name="productids.js" path="/Users/byrneje/gitrepos/REST-Search-API/src/productids.js">
          <metrics statements="1" coveredstatements="1" conditionals="0" coveredconditionals="0" methods="0" coveredmethods="0"/>
          <line num="1" count="1" type="stmt"/>
        </file>
        <file name="server.js" path="/Users/byrneje/gitrepos/REST-Search-API/src/server.js">
          <metrics statements="11" coveredstatements="10" conditionals="0" coveredconditionals="0" methods="2" coveredmethods="1"/>
          <line num="4" count="1" type="stmt"/>
          <line num="5" count="1" type="stmt"/>
          <line num="7" count="1" type="stmt"/>
          <line num="12" count="1" type="stmt"/>
          <line num="18" count="1" type="stmt"/>
          <line num="19" count="1" type="stmt"/>
          <line num="20" count="1" type="stmt"/>
          <line num="23" count="1" type="stmt"/>
          <line num="25" count="0" type="stmt"/>
          <line num="28" count="1" type="stmt"/>
          <line num="30" count="1" type="stmt"/>
        </file>
      </package>
      <package name="src.controllers">
        <metrics statements="25" coveredstatements="25" conditionals="4" coveredconditionals="4" methods="5" coveredmethods="5"/>
        <file name="ProductController.js" path="/Users/byrneje/gitrepos/REST-Search-API/src/controllers/ProductController.js">
          <metrics statements="25" coveredstatements="25" conditionals="4" coveredconditionals="4" methods="5" coveredmethods="5"/>
          <line num="5" count="1" type="stmt"/>
          <line num="6" count="1" type="stmt"/>
          <line num="7" count="1" type="stmt"/>
          <line num="8" count="1" type="stmt"/>
          <line num="9" count="1" type="stmt"/>
          <line num="11" count="1" type="stmt"/>
          <line num="12" count="20" type="stmt"/>
          <line num="16" count="1" type="stmt"/>
          <line num="17" count="19" type="stmt"/>
          <line num="18" count="19" type="stmt"/>
          <line num="19" count="18" type="stmt"/>
          <line num="24" count="1" type="stmt"/>
          <line num="25" count="3" type="stmt"/>
          <line num="26" count="3" type="stmt"/>
          <line num="27" count="3" type="stmt"/>
          <line num="30" count="20" type="stmt"/>
          <line num="31" count="20" type="stmt"/>
          <line num="32" count="19" type="stmt"/>
          <line num="33" count="18" type="stmt"/>
          <line num="34" count="18" type="stmt"/>
          <line num="35" count="18" type="stmt"/>
          <line num="38" count="18" type="cond" truecount="2" falsecount="0"/>
          <line num="39" count="1" type="stmt"/>
          <line num="42" count="1" type="cond" truecount="2" falsecount="0"/>
          <line num="45" count="1" type="stmt"/>
        </file>
      </package>
    </metrics>
  </project>
</coverage>
