{"/Users/byrneje/gitrepos/REST-Search-API/src/server.js": {"path":"/Users/byrneje/gitrepos/REST-Search-API/src/server.js","statementMap":{"0":{"start":{"line":2,"column":16},"end":{"line":2,"column":34}},"1":{"start":{"line":3,"column":12},"end":{"line":3,"column":21}},"2":{"start":{"line":4,"column":15},"end":{"line":4,"column":41}},"3":{"start":{"line":6,"column":13},"end":{"line":6,"column":37}},"4":{"start":{"line":11,"column":0},"end":{"line":11,"column":12}},"5":{"start":{"line":12,"column":0},"end":{"line":14,"column":3}},"6":{"start":{"line":13,"column":2},"end":{"line":13,"column":47}},"7":{"start":{"line":15,"column":0},"end":{"line":15,"column":21}}},"fnMap":{"0":{"name":"(anonymous_0)","decl":{"start":{"line":12,"column":17},"end":{"line":12,"column":18}},"loc":{"start":{"line":12,"column":23},"end":{"line":14,"column":1}},"line":12}},"branchMap":{"0":{"loc":{"start":{"line":6,"column":13},"end":{"line":6,"column":37}},"type":"binary-expr","locations":[{"start":{"line":6,"column":13},"end":{"line":6,"column":29}},{"start":{"line":6,"column":33},"end":{"line":6,"column":37}}],"line":6}},"s":{"0":1,"1":1,"2":1,"3":1,"4":1,"5":1,"6":1,"7":1},"f":{"0":1},"b":{"0":[1,1]},"_coverageSchema":"332fd63041d2c1bcb487cc26dd0d5f7d97098a6c","hash":"1a299fbb4349131e94149c8c9f378d2d1c6bf4a9"}
,"/Users/byrneje/gitrepos/REST-Search-API/src/controllers/ProductController.js": {"path":"/Users/byrneje/gitrepos/REST-Search-API/src/controllers/ProductController.js","statementMap":{"0":{"start":{"line":6,"column":12},"end":{"line":6,"column":50}},"1":{"start":{"line":7,"column":15},"end":{"line":7,"column":61}},"2":{"start":{"line":8,"column":13},"end":{"line":8,"column":28}},"3":{"start":{"line":9,"column":23},"end":{"line":9,"column":49}},"4":{"start":{"line":10,"column":19},"end":{"line":29,"column":1}},"5":{"start":{"line":31,"column":19},"end":{"line":33,"column":1}},"6":{"start":{"line":32,"column":2},"end":{"line":32,"column":50}},"7":{"start":{"line":36,"column":14},"end":{"line":42,"column":1}},"8":{"start":{"line":37,"column":2},"end":{"line":41,"column":5}},"9":{"start":{"line":38,"column":4},"end":{"line":40,"column":10}},"10":{"start":{"line":39,"column":6},"end":{"line":39,"column":19}},"11":{"start":{"line":44,"column":0},"end":{"line":69,"column":2}},"12":{"start":{"line":45,"column":18},"end":{"line":45,"column":36}},"13":{"start":{"line":46,"column":19},"end":{"line":46,"column":21}},"14":{"start":{"line":48,"column":2},"end":{"line":67,"column":3}},"15":{"start":{"line":51,"column":4},"end":{"line":57,"column":5}},"16":{"start":{"line":52,"column":6},"end":{"line":52,"column":38}},"17":{"start":{"line":54,"column":6},"end":{"line":56,"column":60}},"18":{"start":{"line":58,"column":4},"end":{"line":58,"column":20}},"19":{"start":{"line":59,"column":26},"end":{"line":59,"column":46}},"20":{"start":{"line":60,"column":28},"end":{"line":60,"column":60}},"21":{"start":{"line":61,"column":19},"end":{"line":61,"column":42}},"22":{"start":{"line":64,"column":4},"end":{"line":66,"column":5}},"23":{"start":{"line":65,"column":6},"end":{"line":65,"column":45}},"24":{"start":{"line":68,"column":2},"end":{"line":68,"column":23}}},"fnMap":{"0":{"name":"(anonymous_0)","decl":{"start":{"line":31,"column":19},"end":{"line":31,"column":20}},"loc":{"start":{"line":31,"column":38},"end":{"line":33,"column":1}},"line":31},"1":{"name":"(anonymous_1)","decl":{"start":{"line":36,"column":14},"end":{"line":36,"column":15}},"loc":{"start":{"line":36,"column":26},"end":{"line":42,"column":1}},"line":36},"2":{"name":"(anonymous_2)","decl":{"start":{"line":37,"column":21},"end":{"line":37,"column":22}},"loc":{"start":{"line":37,"column":39},"end":{"line":41,"column":3}},"line":37},"3":{"name":"(anonymous_3)","decl":{"start":{"line":38,"column":15},"end":{"line":38,"column":16}},"loc":{"start":{"line":38,"column":26},"end":{"line":40,"column":5}},"line":38},"4":{"name":"(anonymous_4)","decl":{"start":{"line":44,"column":22},"end":{"line":44,"column":23}},"loc":{"start":{"line":44,"column":42},"end":{"line":69,"column":1}},"line":44}},"branchMap":{"0":{"loc":{"start":{"line":55,"column":16},"end":{"line":55,"column":33}},"type":"binary-expr","locations":[{"start":{"line":55,"column":16},"end":{"line":55,"column":26}},{"start":{"line":55,"column":30},"end":{"line":55,"column":33}}],"line":55},"1":{"loc":{"start":{"line":64,"column":4},"end":{"line":66,"column":5}},"type":"if","locations":[{"start":{"line":64,"column":4},"end":{"line":66,"column":5}},{"start":{"line":64,"column":4},"end":{"line":66,"column":5}}],"line":64}},"s":{"0":1,"1":1,"2":1,"3":1,"4":1,"5":1,"6":20,"7":1,"8":20,"9":20,"10":18,"11":1,"12":3,"13":3,"14":3,"15":20,"16":20,"17":2,"18":20,"19":18,"20":18,"21":18,"22":18,"23":1,"24":1},"f":{"0":20,"1":20,"2":20,"3":18,"4":3},"b":{"0":[2,1],"1":[1,17]},"_coverageSchema":"332fd63041d2c1bcb487cc26dd0d5f7d97098a6c","hash":"d8fd99a9996d6ef330651616bf86c23075cfaf15"}
,"/Users/byrneje/gitrepos/REST-Search-API/src/routes/router.js": {"path":"/Users/byrneje/gitrepos/REST-Search-API/src/routes/router.js","statementMap":{"0":{"start":{"line":5,"column":0},"end":{"line":14,"column":2}},"1":{"start":{"line":6,"column":19},"end":{"line":6,"column":62}},"2":{"start":{"line":7,"column":20},"end":{"line":7,"column":26}},"3":{"start":{"line":13,"column":2},"end":{"line":13,"column":68}}},"fnMap":{"0":{"name":"(anonymous_0)","decl":{"start":{"line":5,"column":17},"end":{"line":5,"column":18}},"loc":{"start":{"line":5,"column":24},"end":{"line":14,"column":1}},"line":5}},"branchMap":{},"s":{"0":1,"1":1,"2":1,"3":1},"f":{"0":1},"b":{},"_coverageSchema":"332fd63041d2c1bcb487cc26dd0d5f7d97098a6c","hash":"e187af9f2edea5b7407be4f39efca1b2cfaf12aa"}
}
