{"/Users/byrneje/gitrepos/REST-Search-API/src/productids.js": {"path":"/Users/byrneje/gitrepos/REST-Search-API/src/productids.js","statementMap":{"0":{"start":{"line":1,"column":0},"end":{"line":20,"column":4}}},"fnMap":{},"branchMap":{},"s":{"0":1},"f":{},"b":{},"_coverageSchema":"332fd63041d2c1bcb487cc26dd0d5f7d97098a6c","hash":"1dfc7ca20e8c8b96087785e8f95fc7dd42b2d0d2"}
,"/Users/byrneje/gitrepos/REST-Search-API/src/server.js": {"path":"/Users/byrneje/gitrepos/REST-Search-API/src/server.js","statementMap":{"0":{"start":{"line":4,"column":13},"end":{"line":4,"column":28}},"1":{"start":{"line":5,"column":17},"end":{"line":5,"column":59}},"2":{"start":{"line":7,"column":15},"end":{"line":10,"column":2}},"3":{"start":{"line":12,"column":0},"end":{"line":16,"column":3}},"4":{"start":{"line":18,"column":13},"end":{"line":21,"column":1}},"5":{"start":{"line":19,"column":2},"end":{"line":19,"column":23}},"6":{"start":{"line":20,"column":2},"end":{"line":20,"column":59}},"7":{"start":{"line":23,"column":0},"end":{"line":26,"column":3}},"8":{"start":{"line":25,"column":2},"end":{"line":25,"column":18}},"9":{"start":{"line":28,"column":0},"end":{"line":28,"column":7}},"10":{"start":{"line":30,"column":0},"end":{"line":30,"column":24}}},"fnMap":{"0":{"name":"(anonymous_0)","decl":{"start":{"line":18,"column":13},"end":{"line":18,"column":14}},"loc":{"start":{"line":18,"column":25},"end":{"line":21,"column":1}},"line":18},"1":{"name":"(anonymous_1)","decl":{"start":{"line":23,"column":33},"end":{"line":23,"column":34}},"loc":{"start":{"line":23,"column":40},"end":{"line":26,"column":1}},"line":23}},"branchMap":{},"s":{"0":1,"1":1,"2":1,"3":1,"4":1,"5":1,"6":1,"7":1,"8":0,"9":1,"10":1},"f":{"0":1,"1":0},"b":{},"_coverageSchema":"332fd63041d2c1bcb487cc26dd0d5f7d97098a6c","hash":"597327a591f98edb04dc38c883490c5a3c20b98a"}
,"/Users/byrneje/gitrepos/REST-Search-API/src/controllers/ProductController.js": {"path":"/Users/byrneje/gitrepos/REST-Search-API/src/controllers/ProductController.js","statementMap":{"0":{"start":{"line":5,"column":12},"end":{"line":5,"column":48}},"1":{"start":{"line":6,"column":13},"end":{"line":6,"column":28}},"2":{"start":{"line":7,"column":23},"end":{"line":7,"column":49}},"3":{"start":{"line":8,"column":27},"end":{"line":8,"column":51}},"4":{"start":{"line":9,"column":23},"end":{"line":9,"column":52}},"5":{"start":{"line":11,"column":19},"end":{"line":13,"column":1}},"6":{"start":{"line":12,"column":2},"end":{"line":12,"column":65}},"7":{"start":{"line":16,"column":14},"end":{"line":22,"column":1}},"8":{"start":{"line":17,"column":2},"end":{"line":21,"column":5}},"9":{"start":{"line":18,"column":4},"end":{"line":20,"column":10}},"10":{"start":{"line":19,"column":6},"end":{"line":19,"column":19}},"11":{"start":{"line":24,"column":0},"end":{"line":46,"column":2}},"12":{"start":{"line":25,"column":18},"end":{"line":25,"column":36}},"13":{"start":{"line":26,"column":19},"end":{"line":26,"column":21}},"14":{"start":{"line":27,"column":2},"end":{"line":44,"column":3}},"15":{"start":{"line":30,"column":4},"end":{"line":43,"column":5}},"16":{"start":{"line":31,"column":6},"end":{"line":31,"column":38}},"17":{"start":{"line":32,"column":6},"end":{"line":32,"column":23}},"18":{"start":{"line":33,"column":28},"end":{"line":33,"column":48}},"19":{"start":{"line":34,"column":30},"end":{"line":34,"column":62}},"20":{"start":{"line":35,"column":21},"end":{"line":35,"column":44}},"21":{"start":{"line":38,"column":6},"end":{"line":40,"column":7}},"22":{"start":{"line":39,"column":8},"end":{"line":39,"column":47}},"23":{"start":{"line":42,"column":6},"end":{"line":42,"column":55}},"24":{"start":{"line":45,"column":2},"end":{"line":45,"column":20}}},"fnMap":{"0":{"name":"(anonymous_0)","decl":{"start":{"line":11,"column":19},"end":{"line":11,"column":20}},"loc":{"start":{"line":11,"column":38},"end":{"line":13,"column":1}},"line":11},"1":{"name":"(anonymous_1)","decl":{"start":{"line":16,"column":14},"end":{"line":16,"column":15}},"loc":{"start":{"line":16,"column":26},"end":{"line":22,"column":1}},"line":16},"2":{"name":"(anonymous_2)","decl":{"start":{"line":17,"column":21},"end":{"line":17,"column":22}},"loc":{"start":{"line":17,"column":39},"end":{"line":21,"column":3}},"line":17},"3":{"name":"(anonymous_3)","decl":{"start":{"line":18,"column":15},"end":{"line":18,"column":16}},"loc":{"start":{"line":18,"column":26},"end":{"line":20,"column":5}},"line":18},"4":{"name":"(anonymous_4)","decl":{"start":{"line":24,"column":22},"end":{"line":24,"column":23}},"loc":{"start":{"line":24,"column":42},"end":{"line":46,"column":1}},"line":24}},"branchMap":{"0":{"loc":{"start":{"line":38,"column":6},"end":{"line":40,"column":7}},"type":"if","locations":[{"start":{"line":38,"column":6},"end":{"line":40,"column":7}},{"start":{"line":38,"column":6},"end":{"line":40,"column":7}}],"line":38},"1":{"loc":{"start":{"line":42,"column":36},"end":{"line":42,"column":53}},"type":"binary-expr","locations":[{"start":{"line":42,"column":36},"end":{"line":42,"column":46}},{"start":{"line":42,"column":50},"end":{"line":42,"column":53}}],"line":42}},"s":{"0":1,"1":1,"2":1,"3":1,"4":1,"5":1,"6":20,"7":1,"8":19,"9":19,"10":18,"11":1,"12":3,"13":3,"14":3,"15":20,"16":20,"17":19,"18":18,"19":18,"20":18,"21":18,"22":1,"23":1,"24":1},"f":{"0":20,"1":19,"2":19,"3":18,"4":3},"b":{"0":[1,17],"1":[1,1]},"_coverageSchema":"332fd63041d2c1bcb487cc26dd0d5f7d97098a6c","hash":"0873205bbf6572ff35997c745e5c3846414697f3"}
}
