TN:
SF:/Users/byrneje/gitrepos/REST-Search-API/src/server.js
FN:12,(anonymous_0)
FNF:1
FNH:1
FNDA:1,(anonymous_0)
DA:2,1
DA:3,1
DA:4,1
DA:6,1
DA:11,1
DA:12,1
DA:13,1
DA:15,1
LF:8
LH:8
BRDA:6,0,0,1
BRDA:6,0,1,1
BRF:2
BRH:2
end_of_record
TN:
SF:/Users/byrneje/gitrepos/REST-Search-API/src/controllers/ProductController.js
FN:31,(anonymous_0)
FN:36,(anonymous_1)
FN:37,(anonymous_2)
FN:38,(anonymous_3)
FN:44,(anonymous_4)
FNF:5
FNH:5
FNDA:20,(anonymous_0)
FNDA:20,(anonymous_1)
FNDA:20,(anonymous_2)
FNDA:18,(anonymous_3)
FNDA:3,(anonymous_4)
DA:5,1
DA:7,1
DA:8,1
DA:9,1
DA:10,1
DA:31,1
DA:32,20
DA:36,1
DA:37,20
DA:38,20
DA:39,18
DA:44,1
DA:45,3
DA:46,3
DA:48,3
DA:51,20
DA:52,20
DA:54,2
DA:58,20
DA:59,18
DA:60,18
DA:61,18
DA:64,18
DA:65,1
DA:68,1
LF:25
LH:25
BRDA:55,0,0,2
BRDA:55,0,1,1
BRDA:64,1,0,1
BRDA:64,1,1,17
BRF:4
BRH:4
end_of_record
TN:
SF:/Users/byrneje/gitrepos/REST-Search-API/src/routes/router.js
FN:5,(anonymous_0)
FNF:1
FNH:1
FNDA:1,(anonymous_0)
DA:5,1
DA:6,1
DA:7,1
DA:13,1
LF:4
LH:4
BRF:0
BRH:0
end_of_record
