TN:
SF:/Users/byrneje/gitrepos/REST-Search-API/src/server.js
FN:12,(anonymous_0)
FNF:1
FNH:1
FNDA:1,(anonymous_0)
DA:2,1
DA:3,1
DA:4,1
DA:6,1
DA:11,1
DA:12,1
DA:13,1
DA:15,1
LF:8
LH:8
BRDA:6,0,0,1
BRDA:6,0,1,1
BRF:2
BRH:2
end_of_record
TN:
SF:/Users/byrneje/gitrepos/REST-Search-API/src/controllers/ProductController.js
FN:31,(anonymous_0)
FN:36,(anonymous_1)
FN:37,(anonymous_2)
FN:38,(anonymous_3)
FN:44,(anonymous_4)
FNF:5
FNH:5
FNDA:18,(anonymous_0)
FNDA:18,(anonymous_1)
FNDA:18,(anonymous_2)
FNDA:18,(anonymous_3)
FNDA:1,(anonymous_4)
DA:6,1
DA:7,1
DA:8,1
DA:9,1
DA:10,1
DA:31,1
DA:32,18
DA:36,1
DA:37,18
DA:38,18
DA:39,18
DA:44,1
DA:45,1
DA:46,1
DA:48,1
DA:51,18
DA:52,18
DA:54,0
DA:57,0
DA:59,18
DA:60,18
DA:61,18
DA:62,18
DA:65,18
DA:66,1
DA:69,1
LF:26
LH:24
BRDA:55,0,0,0
BRDA:55,0,1,0
BRDA:65,1,0,1
BRDA:65,1,1,17
BRF:4
BRH:2
end_of_record
TN:
SF:/Users/byrneje/gitrepos/REST-Search-API/src/routes/router.js
FN:5,(anonymous_0)
FNF:1
FNH:1
FNDA:1,(anonymous_0)
DA:5,1
DA:6,1
DA:7,1
DA:13,1
LF:4
LH:4
BRF:0
BRH:0
end_of_record
